Arjun-Mody-02.27.2026-278T.pdf: 301 rows (19 pages)
Bryan-Bedford-02.27.2026-278T.pdf: 9 rows (3 pages)
Bryan-Bedford-09.02.2025-278T.pdf: 5 rows (3 pages)
Bryan-Bedford-10.07.2025-278T.pdf: 75 rows (7 pages)
Bryan-Bedford-11.03.2025-278T.pdf: 0 rows (3 pages)
Christopher-A-Wright-01.13.2026-278T.pdf: 2 rows (3 pages)
Christopher-A-Wright-03.19.2025-278T.pdf: 124 rows (11 pages)
Christopher-A-Wright-04.29.2025-278T.pdf: 173 rows (14 pages)
Christopher-A-Wright-07.01.2025-278T.pdf: 2 rows (3 pages)
Christopher-Lundau-05.22.2025-278T.pdf: 89 rows (8 pages)
Donald J. Trump 10.17.2025 278-T.pdf: 0 rows (4 pages)
Donald J. Trump 10.20.2025 278-T (2).pdf: 1 rows (4 pages)
Donald J. Trump 10.20.2025 278-T.pdf: 10 rows (5 pages)
Donald J. Trump 11.14.2025 278-T.pdf: 0 rows (3 pages)
Donald J. Trump 12.18.2025 278-T.pdf: 13 rows (6 pages)
Donald J. Trump 2.26.2026 278-T (1).pdf: 0 rows (8 pages)
Donald J. Trump 2.26.2026 278-T (2).pdf: 0 rows (5 pages)
Donald-J-Trump 1.14.2026-278T.pdf: 3 rows (8 pages)
Donald-J-Trump-06.25.2026-278T (2).pdf: 239 rows (37 pages)
Donald-J-Trump-06.25.2026-278T.pdf: 164 rows (44 pages)
Donald-J-Trump-08.12.2025-278T(2) AMENDED.pdf: 0 rows (10 pages)
Donald-J-Trump-08.12.2025-278T(3).pdf: 0 rows (4 pages)
Donald-J-Trump-08.12.2025-278T.pdf: 3 rows (22 pages)
Donald-J-Trump-4.20.2026-278T.pdf: 4 rows (8 pages)
Doug-Burgum-09.18.2025-278T.pdf: 12 rows (4 pages)
Douglas-J-Burgum-02.27.2026-278T.pdf: 18 rows (6 pages)
Douglas-J-Burgum-04.30.2025-278T.pdf: 104 rows (10 pages)
Douglas-J-Burgum-06.12.2025-278T.pdf: 5 rows (4 pages)
Douglas-J-Burgum-11.13.2025-278T.pdf: 3 rows (3 pages)
Eric-Scott-Turner-01.16.2026-278T.pdf: 1 rows (3 pages)
Eric-Scott-Turner-03.04.2025-278T.pdf: 7 rows (3 pages)
Frank-J-Bisignano-02.10.2026-278T.pdf: 14 rows (3 pages)
Frank-J-Bisignano-06.26.2025-278T.pdf: 15 rows (4 pages)
Frank-J-Bisignano-07.03.2025-278T.pdf: 7 rows (3 pages)
Frank-J-Bisignano-08.08.2025-278T.pdf: 77 rows (8 pages)
Frank-J-Bisignano-09.09.2025-278T.pdf: 14 rows (4 pages)
Howard-Lutnick-06.17.2025-278T.pdf: 10 rows (3 pages)
Howard-Lutnick-11.05.2025-278T.pdf: 10 rows (4 pages)
Jared-Isaacman-03.16.2026-278T.pdf: 145 rows (11 pages)
Jared-Isaacman-05.27.2026-278T.pdf: 2 rows (3 pages)
John-Phelan-01.09.2026-278T.pdf: 13 rows (3 pages)
John-Phelan-03.12.2026-278T(1).pdf: 2 rows (3 pages)
John-Phelan-03.12.2026-278T(2).pdf: 15 rows (3 pages)
John-Phelan-03.12.2026-278T(3).pdf: 15 rows (3 pages)
John-Phelan-03.12.2026-278T.pdf: 14 rows (3 pages)
John-Phelan-05.12.2026-278T(1).pdf: 18 rows (4 pages)
John-Phelan-05.12.2026-278T.pdf: 10 rows (3 pages)
John-Phelan-05.20.2025-278T.pdf: 23 rows (5 pages)
John-Phelan-07.28.2025-278T(2).pdf: 15 rows (4 pages)
John-Phelan-10.02.2025-278T(2).pdf: 8 rows (3 pages)
John-Phelan-10.02.2025-278T.pdf: 19 rows (4 pages)
John-Phelan-11.17.2025-278T(1).pdf: 21 rows (4 pages)
John-Phelan-11.17.2025-278T(2).pdf: 18 rows (4 pages)
Katharine-MacGregor-08.07.2025-278T.pdf: 20 rows (5 pages)
Keith-Sonderling-04.21.2025-278T.pdf: 33 rows (4 pages)
Kristi-Noem-07.23.2025-278T.pdf: 1 rows (3 pages)
Lee-Zeldin-06.17.2025-278T.pdf: 3 rows (3 pages)
Linda-E-McMahon-05.30.2025-278T.pdf: 155 rows (14 pages)
Linda-McMahon-07.02.2025-278T.pdf: 1 rows (3 pages)
Lori-Chavez-DeRemer-07.02.2025-278T.pdf: 100 rows (7 pages)
Michael-J-Kratsios-01.10.2026-278T.pdf: 2 rows (3 pages)
Michael-J-Kratsios-03.18.2025-278T.pdf: 20 rows (4 pages)
Michael-J-Kratsios-03.29.2026-278T.pdf: 7 rows (3 pages)
Michael-J-Kratsios-04.18.2025-278T.pdf: 17 rows (4 pages)
Michael-J-Kratsios-05.11.2025-278T.pdf: 2 rows (3 pages)
Michael-J-Kratsios-06.09.2025-278T.pdf: 10 rows (3 pages)
Michael-J-Kratsios-06.24.2025-278T.pdf: 1 rows (3 pages)
Michael-J-Kratsios-07.15.2025-278T.pdf: 1 rows (3 pages)
Michael-J-Kratsios-07.25.2025-278T.pdf: 1 rows (3 pages)
Michael-Kratsios-08.19.2025-278T.pdf: 3 rows (3 pages)
Michael-W-Faulkender-06.26.2025-278T.pdf: 1 rows (3 pages)
Pam-Bondi-05.05.2025-278T.pdf: 2 rows (3 pages)
Paul-R-Lawrence-06.11.2025-278T.pdf: 3 rows (3 pages)
Pete-Hegseth-04.11.2025-278T.pdf: 29 rows (4 pages)
Robert-F-Kennedy-Jr-05.09.2025-278T.pdf: 9 rows (3 pages)
Sara-Bailey-04.01.2026-278T.pdf: 5 rows (3 pages)
Scott-A-Kupor-01.09.2026-278T.pdf: 3 rows (3 pages)
Scott-A-Kupor-02.06.2026-278T.pdf: 1 rows (3 pages)
Scott-A-Kupor-04.20.2026-278T.pdf: 2 rows (3 pages)
Scott-A-Kupor-07.28.2025-278T.pdf: 10 rows (3 pages)
Scott-A-Kupor-09.02.2025-278T.pdf: 1 rows (3 pages)
Scott-A-Kupor-09.12.2025-278T.pdf: 54 rows (8 pages)
Scott-A-Kupor-09.26.2025-278T.pdf: 1 rows (3 pages)
Scott-A-Kupor-10.08.2025-278T.pdf: 2 rows (3 pages)
Scott-Bessent-07.14.2025-278T.pdf: 24 rows (4 pages)
Scott-Bessent-12.05.2025-278T.pdf: 2 rows (3 pages)
Sean-Duffy-04.23.2025-278T.pdf: 38 rows (4 pages)
Sean-McMaster-01.20.2026-278T.pdf: 4 rows (3 pages)
Sean-McMaster-02.27.2026-278T.pdf: 1 rows (3 pages)
Sean-McMaster-09.29.2025-278T.pdf: 7 rows (3 pages)
Sean-McMaster-12.01.2025-278T.pdf: 7 rows (3 pages)
Sean-McMaster-12.11.2025-278T.pdf: 1 rows (3 pages)
Stacey-Dixon-02.10.2025-278T.pdf: 47 rows (5 pages)
Stephen-A-Vaden-03.19.2026-278T.pdf: 6 rows (3 pages)
Stephen-I-Miran-04.03.2026-278T.pdf: 7 rows (3 pages)
Stephen-I-Miran-07.21.2025-278T.pdf: 69 rows (6 pages)
Stephen-I-Miran-12.03.2025-278T.pdf: 1 rows (3 pages)
Todd-Blanche-06.03.2025-278T.pdf: 15 rows (4 pages)
Troy-D-Edgar-05.01.2025-278T.pdf: 63 rows (6 pages)
Trump, Donald J.-05.08.2026-278T(2).pdf: 63 rows (113 pages)
Trump, Donald J.-05.08.2026-278T.pdf: 0 rows (5 pages)
Tulsi-Gabbard-05.21.2025-278T.pdf: 13 rows (3 pages)
Lee-Zeldin-09-24-2025-278T.pdf: 1 rows (3 pages)
Bryan-Bedford-11.03.2025-278T.pdf: 0 rows (3 pages)
